<?xml version="1.0" encoding="UTF-8"?>
<!-- Generated by org.testng.reporters.JUnitReportReporter -->
<testsuite hostname="CPDK020" failures="0" tests="1" name="testNG.Assertion_Demo" time="9.380" errors="0" timestamp="2025-08-22T13:16:49 IST" skipped="0">
  <testcase classname="testNG.Assertion_Demo" name="f" time="9.380"/>
</testsuite> <!-- testNG.Assertion_Demo -->
