<?xml version="1.0" encoding="UTF-8"?>
<!-- Generated by org.testng.reporters.JUnitReportReporter -->
<testsuite hostname="CPDK020" failures="0" tests="1" name="testNG.Annotations" time="18.272" errors="0" timestamp="2025-08-21T10:52:58 IST" skipped="0">
  <testcase classname="testNG.Annotations" name="login" time="18.272"/>
</testsuite> <!-- testNG.Annotations -->
