<?xml version="1.0" encoding="UTF-8"?>
<!-- Generated by org.testng.reporters.JUnitReportReporter -->
<testsuite hostname="CPDK020" failures="0" tests="2" name="testNG.DataProviderDemo" time="54.452" errors="0" timestamp="2025-08-22T10:39:27 IST" skipped="0">
  <testcase classname="testNG.DataProviderDemo" name="log" time="43.306"/>
  <testcase classname="testNG.DataProviderDemo" name="log" time="11.146"/>
</testsuite> <!-- testNG.DataProviderDemo -->
