<?xml version="1.0" encoding="UTF-8"?>
<!-- Generated by org.testng.reporters.JUnitReportReporter -->
<testsuite hostname="CPDK020" failures="0" tests="4" name="testNG.testNG_Group" time="0.078" errors="0" timestamp="2025-08-22T12:52:07 IST" skipped="0">
  <testcase classname="testNG.testNG_Group" name="Group4" time="0.021"/>
  <testcase classname="testNG.testNG_Group" name="Group" time="0.019"/>
  <testcase classname="testNG.testNG_Group" name="Group2" time="0.020"/>
  <testcase classname="testNG.testNG_Group" name="Group6" time="0.018"/>
</testsuite> <!-- testNG.testNG_Group -->
