<?xml version="1.0" encoding="UTF-8"?>
<!-- Generated by org.testng.reporters.JUnitReportReporter -->
<testsuite hostname="CPDK020" failures="0" tests="1" name="testNG.crossBrowser" time="48.967" errors="0" timestamp="2025-08-22T11:28:21 IST" skipped="0">
  <testcase classname="testNG.crossBrowser" name="actualTest" time="48.967"/>
</testsuite> <!-- testNG.crossBrowser -->
