<?xml version="1.0" encoding="UTF-8"?>
<!-- Generated by org.testng.reporters.JUnitReportReporter -->
<testsuite hostname="CPDK020" failures="0" tests="6" name="testNG.Priority_TestNG" time="0.059" errors="0" timestamp="2025-08-21T12:39:13 IST" skipped="3">
  <testcase classname="testNG.Priority_TestNG" name="D" time="0.007"/>
  <testcase classname="testNG.Priority_TestNG" name="B" time="0.005"/>
  <testcase classname="testNG.Priority_TestNG" name="F" time="0.009"/>
  <testcase classname="testNG.Priority_TestNG" name="A" time="0.038">
    <skipped/>
  </testcase> <!-- A -->
  <testcase classname="testNG.Priority_TestNG" name="C">
    <skipped/>
  </testcase> <!-- C -->
  <testcase classname="testNG.Priority_TestNG" name="E">
    <skipped/>
  </testcase> <!-- E -->
</testsuite> <!-- testNG.Priority_TestNG -->
