<?xml version="1.0" encoding="UTF-8"?>
<!-- Generated by org.testng.reporters.JUnitReportReporter -->
<testsuite hostname="CPDK020" failures="0" tests="1" name="testNG.paramterTask" time="1.673" errors="0" timestamp="2025-08-21T14:35:07 IST" skipped="0">
  <testcase classname="testNG.paramterTask" name="f" time="1.673"/>
</testsuite> <!-- testNG.paramterTask -->
