<?xml version="1.0" encoding="UTF-8"?>
<!-- Generated by org.testng.reporters.JUnitReportReporter -->
<testsuite hostname="CPDK020" failures="0" tests="2" name="testNG.TestNG_Task1" time="10.021" errors="0" timestamp="2025-08-21T12:39:13 IST" skipped="0">
  <testcase classname="testNG.TestNG_Task1" name="validLogin" time="4.590"/>
  <testcase classname="testNG.TestNG_Task1" name="inValidLogin" time="5.431"/>
</testsuite> <!-- testNG.TestNG_Task1 -->
