<?xml version="1.0" encoding="UTF-8"?>
<!-- Generated by org.testng.reporters.JUnitReportReporter -->
<testsuite hostname="CPDK020" failures="0" tests="1" name="testNG.NewTest" time="0.011" errors="0" timestamp="2025-08-21T12:39:13 IST" skipped="0">
  <testcase classname="testNG.NewTest" name="f" time="0.011"/>
</testsuite> <!-- testNG.NewTest -->
