<?xml version="1.0" encoding="UTF-8"?>
<!-- Generated by org.testng.reporters.JUnitReportReporter -->
<testsuite hostname="CPDK020" failures="0" tests="1" name="testNG.ParallelExecution" time="18.699" errors="0" timestamp="2025-08-22T12:52:07 IST" skipped="0">
  <testcase classname="testNG.ParallelExecution" name="loginchrome" time="18.699"/>
</testsuite> <!-- testNG.ParallelExecution -->
