<?xml version="1.0" encoding="UTF-8"?>
<!-- Generated by org.testng.reporters.JUnitReportReporter -->
<testsuite hostname="CPDK020" failures="0" tests="1" name="testNG.Annotation_BeforeAfter" time="0.445" errors="0" timestamp="2025-08-21T12:39:13 IST" skipped="0">
  <testcase classname="testNG.Annotation_BeforeAfter" name="login" time="0.445"/>
</testsuite> <!-- testNG.Annotation_BeforeAfter -->
