<?xml version="1.0" encoding="UTF-8"?>
<!-- Generated by org.testng.reporters.JUnitReportReporter -->
<testsuite hostname="CPDK020" failures="0" tests="1" name="testNG.DemoBlazeTask" time="1.660" errors="0" timestamp="2025-08-25T10:10:34 IST" skipped="0">
  <testcase classname="testNG.DemoBlazeTask" name="login" time="1.660"/>
</testsuite> <!-- testNG.DemoBlazeTask -->
