<?xml version="1.0" encoding="UTF-8"?>
<!-- Generated by org.testng.reporters.JUnitReportReporter -->
<testsuite hostname="CPDK020" failures="0" tests="1" name="testNG.ReadDatatFromPropertyFile" time="27.887" errors="0" timestamp="2025-08-22T14:44:34 IST" skipped="0">
  <testcase classname="testNG.ReadDatatFromPropertyFile" name="f" time="27.887"/>
</testsuite> <!-- testNG.ReadDatatFromPropertyFile -->
