<?xml version="1.0" encoding="UTF-8"?>
<!-- Generated by org.testng.reporters.JUnitReportReporter -->
<testsuite hostname="CPDK020" failures="0" tests="1" name="testNG.parameterizationClass" time="0.447" errors="0" timestamp="2025-08-21T14:06:21 IST" skipped="0">
  <testcase classname="testNG.parameterizationClass" name="login" time="0.447"/>
</testsuite> <!-- testNG.parameterizationClass -->
