<?xml version="1.0" encoding="UTF-8"?>
<!-- Generated by org.testng.reporters.JUnitReportReporter -->
<testsuite hostname="CPDK020" failures="0" tests="2" name="testNG.TestNGclass_1" time="0.008" errors="0" timestamp="2025-08-21T12:39:13 IST" skipped="0">
  <testcase classname="testNG.TestNGclass_1" name="second" time="0.004"/>
  <testcase classname="testNG.TestNGclass_1" name="f" time="0.004"/>
</testsuite> <!-- testNG.TestNGclass_1 -->
